\BOOKMARK [0][-]{chapter.1}{Introduction\040and\040motivation}{}% 1
\BOOKMARK [1][-]{section.1.1}{The\040``blockchain\040revolution'':\040expectations\040vs\040reality}{chapter.1}% 2
\BOOKMARK [2][-]{subsection.1.1.1}{The\040promise\040of\040blockchains}{section.1.1}% 3
\BOOKMARK [2][-]{subsection.1.1.2}{Where\040are\040all\040the\040blockchain\040apps?}{section.1.1}% 4
\BOOKMARK [1][-]{section.1.2}{A\040better\040blockchain?}{chapter.1}% 5
\BOOKMARK [2][-]{subsection.1.2.1}{Existing\040attempts}{section.1.2}% 6
\BOOKMARK [2][-]{subsection.1.2.2}{The\040crux:\040a\040layering\040problem}{section.1.2}% 7
\BOOKMARK [0][-]{chapter.2}{Themelio's\040design}{}% 8
\BOOKMARK [1][-]{section.2.1}{Design\040goals}{chapter.2}% 9
\BOOKMARK [2][-]{subsection.2.1.1}{Goals}{section.2.1}% 10
\BOOKMARK [1][-]{section.2.2}{A\040robust\040transaction\040model}{chapter.2}% 11
\BOOKMARK [2][-]{subsection.2.2.1}{Coin-based\040transactions}{section.2.2}% 12
\BOOKMARK [2][-]{subsection.2.2.2}{Why\040coins?}{section.2.2}% 13
\BOOKMARK [2][-]{subsection.2.2.3}{Constraint\040scripting\040with\040MelScript}{section.2.2}% 14
\BOOKMARK [2][-]{subsection.2.2.4}{Coin-oriented\040interface}{section.2.2}% 15
\BOOKMARK [1][-]{section.2.3}{Consensus\040and\040trust}{chapter.2}% 16
\BOOKMARK [2][-]{subsection.2.3.1}{Oligarchy\040with\040a\040free\040press}{section.2.3}% 17
\BOOKMARK [2][-]{subsection.2.3.2}{Stakeholders:\040the\040oligarchy}{section.2.3}% 18
\BOOKMARK [2][-]{subsection.2.3.3}{Auditors:\040the\040free\040press}{section.2.3}% 19
\BOOKMARK [2][-]{subsection.2.3.4}{Clients:\040thin\040yet\040fully\040secure}{section.2.3}% 20
\BOOKMARK [1][-]{section.2.4}{Cryptocurrency\040and\040economics}{chapter.2}% 21
\BOOKMARK [2][-]{subsection.2.4.1}{Mels:\040low-volatility\040money}{section.2.4}% 22
\BOOKMARK [2][-]{subsection.2.4.2}{Better\040transaction\040fees}{section.2.4}% 23
\BOOKMARK [0][-]{chapter.3}{Applications}{}% 24
\BOOKMARK [1][-]{section.3.1}{Scalable\040payment\040networks}{chapter.3}% 25
\BOOKMARK [1][-]{section.3.2}{Decentralized\040naming}{chapter.3}% 26
\BOOKMARK [1][-]{section.3.3}{Token\040systems}{chapter.3}% 27
\BOOKMARK [1][-]{section.3.4}{Layer-2\040smart\040contracts}{chapter.3}% 28
\BOOKMARK [1][-]{section.3.5}{Public-consensus\040private\040blockchains}{chapter.3}% 29
\BOOKMARK [0][-]{chapter.4}{Conclusion}{}% 30
